<?xml version="1.0" encoding="UTF-8"?>
<!-- Generated by org.testng.reporters.JUnitXMLReporter -->
<testsuite ignored="0" hostname="PE-HO-223" failures="0" tests="3" name="Test" time="26.599" errors="0" timestamp="2022-03-14T09:19:40 COT">
  <testcase classname="com.testNG.EjemploTestNG" name="Caso1_Ingreso_Guru" time="19.186"/>
  <testcase classname="com.testNG.EjemploTestNG" name="Caso2_Ingreso_MerLibre" time="0.001"/>
  <testcase classname="com.testNG.EjemploTestNG" name="Caso3_Ingreso_ToolsQA" time="0.001"/>
</testsuite> <!-- Test -->
