<?xml version="1.0" encoding="UTF-8"?>
<testng-results ignored="0" total="3" passed="3" failed="0" skipped="0">
  <reporter-output>
  </reporter-output>
  <suite started-at="2022-03-14T09:19:13 COT" name="Suite" finished-at="2022-03-14T09:19:40 COT" duration-ms="26599">
    <groups>
    </groups>
    <test started-at="2022-03-14T09:19:13 COT" name="Test" finished-at="2022-03-14T09:19:40 COT" duration-ms="26599">
      <class name="com.testNG.EjemploTestNG">
        <test-method is-config="true" signature="beforeClass(java.lang.String,java.lang.String,java.lang.String,java.lang.String,java.lang.String)[pri:0, instance:com.testNG.EjemploTestNG@3427b02d]" started-at="2022-03-14T09:19:14 COT" name="beforeClass" finished-at="2022-03-14T09:19:19 COT" duration-ms="5854" status="PASS">
          <params>
            <param index="0">
              <value>
                <![CDATA[https://demo.guru99.com/selenium/newtours/index.php]]>
              </value>
            </param>
            <param index="1">
              <value>
                <![CDATA[https://www.mercadolibre.com.co/]]>
              </value>
            </param>
            <param index="2">
              <value>
                <![CDATA[https://demoqa.com/]]>
              </value>
            </param>
            <param index="3">
              <value>
                <![CDATA[./Imagenes/logo-peri.png]]>
              </value>
            </param>
            <param index="4">
              <value>
                <![CDATA[./Output/]]>
              </value>
            </param>
          </params>
          <reporter-output>
          </reporter-output>
        </test-method> <!-- beforeClass -->
        <test-method signature="Caso1_Ingreso_Guru(java.lang.String,java.lang.String,java.lang.String,java.lang.String,java.lang.String,java.lang.String,java.lang.String,java.lang.String,java.lang.String,java.lang.String,java.lang.String,java.lang.String,java.lang.String,java.lang.String)[pri:0, instance:com.testNG.EjemploTestNG@3427b02d]" started-at="2022-03-14T09:19:20 COT" name="Caso1_Ingreso_Guru" description="INGRESO A GURU" data-provider="IngresoGuru" finished-at="2022-03-14T09:19:39 COT" duration-ms="19186" status="PASS">
          <params>
            <param index="0">
              <value>
                <![CDATA[SI]]>
              </value>
            </param>
            <param index="1">
              <value>
                <![CDATA[SI]]>
              </value>
            </param>
            <param index="2">
              <value>
                <![CDATA[Brayan Andres]]>
              </value>
            </param>
            <param index="3">
              <value>
                <![CDATA[Pallares Cabrera]]>
              </value>
            </param>
            <param index="4">
              <value>
                <![CDATA[3008568448]]>
              </value>
            </param>
            <param index="5">
              <value>
                <![CDATA[pallaresbrayan@gmail.com]]>
              </value>
            </param>
            <param index="6">
              <value>
                <![CDATA[Carrera 21B Este #59-168]]>
              </value>
            </param>
            <param index="7">
              <value>
                <![CDATA[BOGOTÁ]]>
              </value>
            </param>
            <param index="8">
              <value>
                <![CDATA[Cundinamarca]]>
              </value>
            </param>
            <param index="9">
              <value>
                <![CDATA[151515]]>
              </value>
            </param>
            <param index="10">
              <value>
                <![CDATA[COLOMBIA]]>
              </value>
            </param>
            <param index="11">
              <value>
                <![CDATA[SkineZero]]>
              </value>
            </param>
            <param index="12">
              <value>
                <![CDATA[1997]]>
              </value>
            </param>
            <param index="13">
              <value>
                <![CDATA[1997]]>
              </value>
            </param>
          </params>
          <reporter-output>
          </reporter-output>
        </test-method> <!-- Caso1_Ingreso_Guru -->
        <test-method signature="Caso2_Ingreso_MerLibre(java.lang.String,java.lang.String,java.lang.String,java.lang.String,java.lang.String,java.lang.String,java.lang.String,java.lang.String)[pri:0, instance:com.testNG.EjemploTestNG@3427b02d]" started-at="2022-03-14T09:19:40 COT" name="Caso2_Ingreso_MerLibre" description="INGRESO MERCADO LIBRE" data-provider="IngresoML" finished-at="2022-03-14T09:19:40 COT" duration-ms="1" status="PASS">
          <params>
            <param index="0">
              <value>
                <![CDATA[NO]]>
              </value>
            </param>
            <param index="1">
              <value>
                <![CDATA[NO]]>
              </value>
            </param>
            <param index="2">
              <value>
                <![CDATA[Arena EcoCat]]>
              </value>
            </param>
            <param index="3">
              <value>
                <![CDATA[Skine1997Zero@gmail.com]]>
              </value>
            </param>
            <param index="4">
              <value>
                <![CDATA[1]]>
              </value>
            </param>
            <param index="5">
              <value>
                <![CDATA[2]]>
              </value>
            </param>
            <param index="6">
              <value>
                <![CDATA[3]]>
              </value>
            </param>
            <param index="7">
              <value>
                <![CDATA[4]]>
              </value>
            </param>
          </params>
          <reporter-output>
          </reporter-output>
        </test-method> <!-- Caso2_Ingreso_MerLibre -->
        <test-method signature="Caso3_Ingreso_ToolsQA(java.lang.String,java.lang.String,java.lang.String,java.lang.String,java.lang.String,java.lang.String,java.lang.String,java.lang.String,java.lang.String,java.lang.String,java.lang.String,java.lang.String,java.lang.String,java.lang.String)[pri:0, instance:com.testNG.EjemploTestNG@3427b02d]" started-at="2022-03-14T09:19:40 COT" name="Caso3_Ingreso_ToolsQA" description="INGRESO TOOLSQA" data-provider="IgresoToolsQA" finished-at="2022-03-14T09:19:40 COT" duration-ms="1" status="PASS">
          <params>
            <param index="0">
              <value>
                <![CDATA[NO]]>
              </value>
            </param>
            <param index="1">
              <value>
                <![CDATA[NO]]>
              </value>
            </param>
            <param index="2">
              <value>
                <![CDATA[Nicole]]>
              </value>
            </param>
            <param index="3">
              <value>
                <![CDATA[Rojas]]>
              </value>
            </param>
            <param index="4">
              <value>
                <![CDATA[nicole@mail.com]]>
              </value>
            </param>
            <param index="5">
              <value>
                <![CDATA[19]]>
              </value>
            </param>
            <param index="6">
              <value>
                <![CDATA[18000]]>
              </value>
            </param>
            <param index="7">
              <value>
                <![CDATA[Analist]]>
              </value>
            </param>
            <param index="8">
              <value>
                <![CDATA[Cantrell]]>
              </value>
            </param>
            <param index="9">
              <value>
                <![CDATA[l]]>
              </value>
            </param>
            <param index="10">
              <value>
                <![CDATA[01/02/2000]]>
              </value>
            </param>
            <param index="11">
              <value>
                <![CDATA[08/23/2012]]>
              </value>
            </param>
            <param index="12">
              <value>
                <![CDATA[15:30]]>
              </value>
            </param>
            <param index="13">
              <value>
                <![CDATA[El Brayan]]>
              </value>
            </param>
          </params>
          <reporter-output>
          </reporter-output>
        </test-method> <!-- Caso3_Ingreso_ToolsQA -->
        <test-method is-config="true" signature="afterClass()[pri:0, instance:com.testNG.EjemploTestNG@3427b02d]" started-at="2022-03-14T09:19:40 COT" name="afterClass" finished-at="2022-03-14T09:19:40 COT" duration-ms="451" status="PASS">
          <reporter-output>
          </reporter-output>
        </test-method> <!-- afterClass -->
      </class> <!-- com.testNG.EjemploTestNG -->
    </test> <!-- Test -->
  </suite> <!-- Suite -->
</testng-results>
